[2019-11-13 15:19:41,238] INFO Registered kafka:type=kafka.Log4jController MBean (kafka.utils.Log4jControllerRegistration$)
[2019-11-13 15:19:41,850] INFO starting (kafka.server.KafkaServer)
[2019-11-13 15:19:41,851] INFO Connecting to zookeeper on localhost:2181 (kafka.server.KafkaServer)
[2019-11-13 15:19:41,937] INFO [ZooKeeperClient Kafka server] Initializing a new session to localhost:2181. (kafka.zookeeper.ZooKeeperClient)
[2019-11-13 15:19:46,518] INFO Client environment:zookeeper.version=3.4.14-4c25d480e66aadd371de8bd2fd8da255ac140bcf, built on 03/06/2019 16:18 GMT (org.apache.zookeeper.ZooKeeper)
[2019-11-13 15:19:46,518] INFO Client environment:host.name=XZ-TQCU8H0G835A (org.apache.zookeeper.ZooKeeper)
[2019-11-13 15:19:46,519] INFO Client environment:java.version=1.8.0_202 (org.apache.zookeeper.ZooKeeper)
[2019-11-13 15:19:46,519] INFO Client environment:java.vendor=Oracle Corporation (org.apache.zookeeper.ZooKeeper)
[2019-11-13 15:19:46,519] INFO Client environment:java.home=C:\Program Files\Java\jdk1.8.0_202\jre (org.apache.zookeeper.ZooKeeper)
[2019-11-13 15:19:46,519] INFO Client environment:java.class.path=.;C:\Program Files\Java\jdk1.8.0_202\lib\dt.jar;C:\Program Files\Java\jdk1.8.0_202\lib\tools.jar; ;E:\kafka_2.12-2.3.0\kafka_2.12-2.3.0\libs\activation-1.1.1.jar;E:\kafka_2.12-2.3.0\kafka_2.12-2.3.0\libs\aopalliance-repackaged-2.5.0.jar;E:\kafka_2.12-2.3.0\kafka_2.12-2.3.0\libs\argparse4j-0.7.0.jar;E:\kafka_2.12-2.3.0\kafka_2.12-2.3.0\libs\audience-annotations-0.5.0.jar;E:\kafka_2.12-2.3.0\kafka_2.12-2.3.0\libs\commons-lang3-3.8.1.jar;E:\kafka_2.12-2.3.0\kafka_2.12-2.3.0\libs\connect-api-2.3.0.jar;E:\kafka_2.12-2.3.0\kafka_2.12-2.3.0\libs\connect-basic-auth-extension-2.3.0.jar;E:\kafka_2.12-2.3.0\kafka_2.12-2.3.0\libs\connect-file-2.3.0.jar;E:\kafka_2.12-2.3.0\kafka_2.12-2.3.0\libs\connect-json-2.3.0.jar;E:\kafka_2.12-2.3.0\kafka_2.12-2.3.0\libs\connect-runtime-2.3.0.jar;E:\kafka_2.12-2.3.0\kafka_2.12-2.3.0\libs\connect-transforms-2.3.0.jar;E:\kafka_2.12-2.3.0\kafka_2.12-2.3.0\libs\guava-20.0.jar;E:\kafka_2.12-2.3.0\kafka_2.12-2.3.0\libs\hk2-api-2.5.0.jar;E:\kafka_2.12-2.3.0\kafka_2.12-2.3.0\libs\hk2-locator-2.5.0.jar;E:\kafka_2.12-2.3.0\kafka_2.12-2.3.0\libs\hk2-utils-2.5.0.jar;E:\kafka_2.12-2.3.0\kafka_2.12-2.3.0\libs\jackson-annotations-2.9.9.jar;E:\kafka_2.12-2.3.0\kafka_2.12-2.3.0\libs\jackson-core-2.9.9.jar;E:\kafka_2.12-2.3.0\kafka_2.12-2.3.0\libs\jackson-databind-2.9.9.jar;E:\kafka_2.12-2.3.0\kafka_2.12-2.3.0\libs\jackson-dataformat-csv-2.9.9.jar;E:\kafka_2.12-2.3.0\kafka_2.12-2.3.0\libs\jackson-datatype-jdk8-2.9.9.jar;E:\kafka_2.12-2.3.0\kafka_2.12-2.3.0\libs\jackson-jaxrs-base-2.9.9.jar;E:\kafka_2.12-2.3.0\kafka_2.12-2.3.0\libs\jackson-jaxrs-json-provider-2.9.9.jar;E:\kafka_2.12-2.3.0\kafka_2.12-2.3.0\libs\jackson-module-jaxb-annotations-2.9.9.jar;E:\kafka_2.12-2.3.0\kafka_2.12-2.3.0\libs\jackson-module-paranamer-2.9.9.jar;E:\kafka_2.12-2.3.0\kafka_2.12-2.3.0\libs\jackson-module-scala_2.12-2.9.9.jar;E:\kafka_2.12-2.3.0\kafka_2.12-2.3.0\libs\jakarta.annotation-api-1.3.4.jar;E:\kafka_2.12-2.3.0\kafka_2.12-2.3.0\libs\jakarta.inject-2.5.0.jar;E:\kafka_2.12-2.3.0\kafka_2.12-2.3.0\libs\jakarta.ws.rs-api-2.1.5.jar;E:\kafka_2.12-2.3.0\kafka_2.12-2.3.0\libs\javassist-3.22.0-CR2.jar;E:\kafka_2.12-2.3.0\kafka_2.12-2.3.0\libs\javax.servlet-api-3.1.0.jar;E:\kafka_2.12-2.3.0\kafka_2.12-2.3.0\libs\javax.ws.rs-api-2.1.1.jar;E:\kafka_2.12-2.3.0\kafka_2.12-2.3.0\libs\jaxb-api-2.3.0.jar;E:\kafka_2.12-2.3.0\kafka_2.12-2.3.0\libs\jersey-client-2.28.jar;E:\kafka_2.12-2.3.0\kafka_2.12-2.3.0\libs\jersey-common-2.28.jar;E:\kafka_2.12-2.3.0\kafka_2.12-2.3.0\libs\jersey-container-servlet-2.28.jar;E:\kafka_2.12-2.3.0\kafka_2.12-2.3.0\libs\jersey-container-servlet-core-2.28.jar;E:\kafka_2.12-2.3.0\kafka_2.12-2.3.0\libs\jersey-hk2-2.28.jar;E:\kafka_2.12-2.3.0\kafka_2.12-2.3.0\libs\jersey-media-jaxb-2.28.jar;E:\kafka_2.12-2.3.0\kafka_2.12-2.3.0\libs\jersey-server-2.28.jar;E:\kafka_2.12-2.3.0\kafka_2.12-2.3.0\libs\jetty-client-9.4.18.v20190429.jar;E:\kafka_2.12-2.3.0\kafka_2.12-2.3.0\libs\jetty-continuation-9.4.18.v20190429.jar;E:\kafka_2.12-2.3.0\kafka_2.12-2.3.0\libs\jetty-http-9.4.18.v20190429.jar;E:\kafka_2.12-2.3.0\kafka_2.12-2.3.0\libs\jetty-io-9.4.18.v20190429.jar;E:\kafka_2.12-2.3.0\kafka_2.12-2.3.0\libs\jetty-security-9.4.18.v20190429.jar;E:\kafka_2.12-2.3.0\kafka_2.12-2.3.0\libs\jetty-server-9.4.18.v20190429.jar;E:\kafka_2.12-2.3.0\kafka_2.12-2.3.0\libs\jetty-servlet-9.4.18.v20190429.jar;E:\kafka_2.12-2.3.0\kafka_2.12-2.3.0\libs\jetty-servlets-9.4.18.v20190429.jar;E:\kafka_2.12-2.3.0\kafka_2.12-2.3.0\libs\jetty-util-9.4.18.v20190429.jar;E:\kafka_2.12-2.3.0\kafka_2.12-2.3.0\libs\jopt-simple-5.0.4.jar;E:\kafka_2.12-2.3.0\kafka_2.12-2.3.0\libs\jsr305-3.0.2.jar;E:\kafka_2.12-2.3.0\kafka_2.12-2.3.0\libs\kafka-clients-2.3.0.jar;E:\kafka_2.12-2.3.0\kafka_2.12-2.3.0\libs\kafka-log4j-appender-2.3.0.jar;E:\kafka_2.12-2.3.0\kafka_2.12-2.3.0\libs\kafka-streams-2.3.0.jar;E:\kafka_2.12-2.3.0\kafka_2.12-2.3.0\libs\kafka-streams-examples-2.3.0.jar;E:\kafka_2.12-2.3.0\kafka_2.12-2.3.0\libs\kafka-streams-scala_2.12-2.3.0.jar;E:\kafka_2.12-2.3.0\kafka_2.12-2.3.0\libs\kafka-streams-test-utils-2.3.0.jar;E:\kafka_2.12-2.3.0\kafka_2.12-2.3.0\libs\kafka-tools-2.3.0.jar;E:\kafka_2.12-2.3.0\kafka_2.12-2.3.0\libs\kafka_2.12-2.3.0-javadoc.jar;E:\kafka_2.12-2.3.0\kafka_2.12-2.3.0\libs\kafka_2.12-2.3.0-javadoc.jar.asc;E:\kafka_2.12-2.3.0\kafka_2.12-2.3.0\libs\kafka_2.12-2.3.0-scaladoc.jar;E:\kafka_2.12-2.3.0\kafka_2.12-2.3.0\libs\kafka_2.12-2.3.0-scaladoc.jar.asc;E:\kafka_2.12-2.3.0\kafka_2.12-2.3.0\libs\kafka_2.12-2.3.0-sources.jar;E:\kafka_2.12-2.3.0\kafka_2.12-2.3.0\libs\kafka_2.12-2.3.0-sources.jar.asc;E:\kafka_2.12-2.3.0\kafka_2.12-2.3.0\libs\kafka_2.12-2.3.0-test-sources.jar;E:\kafka_2.12-2.3.0\kafka_2.12-2.3.0\libs\kafka_2.12-2.3.0-test-sources.jar.asc;E:\kafka_2.12-2.3.0\kafka_2.12-2.3.0\libs\kafka_2.12-2.3.0-test.jar;E:\kafka_2.12-2.3.0\kafka_2.12-2.3.0\libs\kafka_2.12-2.3.0-test.jar.asc;E:\kafka_2.12-2.3.0\kafka_2.12-2.3.0\libs\kafka_2.12-2.3.0.jar;E:\kafka_2.12-2.3.0\kafka_2.12-2.3.0\libs\kafka_2.12-2.3.0.jar.asc;E:\kafka_2.12-2.3.0\kafka_2.12-2.3.0\libs\log4j-1.2.17.jar;E:\kafka_2.12-2.3.0\kafka_2.12-2.3.0\libs\lz4-java-1.6.0.jar;E:\kafka_2.12-2.3.0\kafka_2.12-2.3.0\libs\maven-artifact-3.6.1.jar;E:\kafka_2.12-2.3.0\kafka_2.12-2.3.0\libs\metrics-core-2.2.0.jar;E:\kafka_2.12-2.3.0\kafka_2.12-2.3.0\libs\osgi-resource-locator-1.0.1.jar;E:\kafka_2.12-2.3.0\kafka_2.12-2.3.0\libs\paranamer-2.8.jar;E:\kafka_2.12-2.3.0\kafka_2.12-2.3.0\libs\plexus-utils-3.2.0.jar;E:\kafka_2.12-2.3.0\kafka_2.12-2.3.0\libs\reflections-0.9.11.jar;E:\kafka_2.12-2.3.0\kafka_2.12-2.3.0\libs\rocksdbjni-5.18.3.jar;E:\kafka_2.12-2.3.0\kafka_2.12-2.3.0\libs\scala-library-2.12.8.jar;E:\kafka_2.12-2.3.0\kafka_2.12-2.3.0\libs\scala-logging_2.12-3.9.0.jar;E:\kafka_2.12-2.3.0\kafka_2.12-2.3.0\libs\scala-reflect-2.12.8.jar;E:\kafka_2.12-2.3.0\kafka_2.12-2.3.0\libs\slf4j-api-1.7.26.jar;E:\kafka_2.12-2.3.0\kafka_2.12-2.3.0\libs\slf4j-log4j12-1.7.26.jar;E:\kafka_2.12-2.3.0\kafka_2.12-2.3.0\libs\snappy-java-1.1.7.3.jar;E:\kafka_2.12-2.3.0\kafka_2.12-2.3.0\libs\spotbugs-annotations-3.1.9.jar;E:\kafka_2.12-2.3.0\kafka_2.12-2.3.0\libs\validation-api-2.0.1.Final.jar;E:\kafka_2.12-2.3.0\kafka_2.12-2.3.0\libs\zkclient-0.11.jar;E:\kafka_2.12-2.3.0\kafka_2.12-2.3.0\libs\zookeeper-3.4.14.jar;E:\kafka_2.12-2.3.0\kafka_2.12-2.3.0\libs\zstd-jni-1.4.0-1.jar (org.apache.zookeeper.ZooKeeper)
[2019-11-13 15:19:46,520] INFO Client environment:java.library.path=C:\Program Files\Java\jdk1.8.0_202\bin;C:\Windows\Sun\Java\bin;C:\Windows\system32;C:\Windows;E:\Xshell6\;E:\Xftp\;C:\Program Files\python\Scripts\;C:\Program Files\python\;C:\Program Files (x86)\Common Files\Oracle\Java\javapath;C:\Program Files\Java\jdk1.8.0_202\bin;C:\Program Files\Java\jdk1.8.0_202\jre\bin;E:\Maven\apache-maven-3.6.1\bin;C:\Program Files\mysql-8.0.16-winx64\bin;C:\Windows\System32\cmd.exe;C:\Windows\system32;E:\Redis;E:\Git\Git\bin;E:\Tomcat\apache-tomcat-8.5.43\bin;E:\Zookeeper\zookeeper-3.4.14\zookeeper-3.4.14\bin;C:\Windows\System32\wbem;C:\Program Files\Intel\WiFi\bin\;C:\Program Files\Common Files\Intel\WirelessCommon\;C:\Users\Administrator\AppData\Local\Programs\Python\Python37-32\Scripts\;C:\Users\Administrator\AppData\Local\Programs\Python\Python37-32\;C:\Users\Administrator\AppData\Local\Microsoft\WindowsApps;;E:\Pycharm\PyCharm Community Edition 2019.2\bin;;E:\IntelliJ IDEA\IntelliJ IDEA 2019.1.3\bin;;E:\VScode\Microsoft VS Code\bin;. (org.apache.zookeeper.ZooKeeper)
[2019-11-13 15:19:46,520] INFO Client environment:java.io.tmpdir=C:\Users\ADMINI~1\AppData\Local\Temp\ (org.apache.zookeeper.ZooKeeper)
[2019-11-13 15:19:46,521] INFO Client environment:java.compiler=<NA> (org.apache.zookeeper.ZooKeeper)
[2019-11-13 15:19:46,521] INFO Client environment:os.name=Windows 10 (org.apache.zookeeper.ZooKeeper)
[2019-11-13 15:19:46,522] INFO Client environment:os.arch=amd64 (org.apache.zookeeper.ZooKeeper)
[2019-11-13 15:19:46,522] INFO Client environment:os.version=10.0 (org.apache.zookeeper.ZooKeeper)
[2019-11-13 15:19:46,522] INFO Client environment:user.name=Administrator (org.apache.zookeeper.ZooKeeper)
[2019-11-13 15:19:46,523] INFO Client environment:user.home=C:\Users\Administrator (org.apache.zookeeper.ZooKeeper)
[2019-11-13 15:19:46,523] INFO Client environment:user.dir=E:\kafka_2.12-2.3.0\kafka_2.12-2.3.0 (org.apache.zookeeper.ZooKeeper)
[2019-11-13 15:19:46,524] INFO Initiating client connection, connectString=localhost:2181 sessionTimeout=6000 watcher=kafka.zookeeper.ZooKeeperClient$ZooKeeperClientWatcher$@a9cd3b1 (org.apache.zookeeper.ZooKeeper)
[2019-11-13 15:19:46,542] INFO [ZooKeeperClient Kafka server] Waiting until connected. (kafka.zookeeper.ZooKeeperClient)
[2019-11-13 15:19:46,544] INFO Opening socket connection to server localhost/127.0.0.1:2181. Will not attempt to authenticate using SASL (unknown error) (org.apache.zookeeper.ClientCnxn)
[2019-11-13 15:19:47,548] INFO Socket error occurred: localhost/127.0.0.1:2181: Connection refused: no further information (org.apache.zookeeper.ClientCnxn)
[2019-11-13 15:19:48,649] INFO Opening socket connection to server localhost/127.0.0.1:2181. Will not attempt to authenticate using SASL (unknown error) (org.apache.zookeeper.ClientCnxn)
[2019-11-13 15:19:49,650] INFO Socket error occurred: localhost/127.0.0.1:2181: Connection refused: no further information (org.apache.zookeeper.ClientCnxn)
[2019-11-13 15:19:50,772] INFO Opening socket connection to server localhost/0:0:0:0:0:0:0:1:2181. Will not attempt to authenticate using SASL (unknown error) (org.apache.zookeeper.ClientCnxn)
[2019-11-13 15:19:51,774] INFO Socket error occurred: localhost/0:0:0:0:0:0:0:1:2181: Connection refused: no further information (org.apache.zookeeper.ClientCnxn)
[2019-11-13 15:19:52,544] INFO [ZooKeeperClient Kafka server] Closing. (kafka.zookeeper.ZooKeeperClient)
[2019-11-13 15:19:52,875] INFO Opening socket connection to server localhost/0:0:0:0:0:0:0:1:2181. Will not attempt to authenticate using SASL (unknown error) (org.apache.zookeeper.ClientCnxn)
[2019-11-13 15:19:53,977] INFO Session: 0x0 closed (org.apache.zookeeper.ZooKeeper)
[2019-11-13 15:19:53,977] INFO EventThread shut down for session: 0x0 (org.apache.zookeeper.ClientCnxn)
[2019-11-13 15:23:51,904] INFO [ZooKeeperClient Kafka server] Closed. (kafka.zookeeper.ZooKeeperClient)
[2019-11-13 15:23:51,907] ERROR Fatal error during KafkaServer startup. Prepare to shutdown (kafka.server.KafkaServer)
kafka.zookeeper.ZooKeeperClientTimeoutException: Timed out waiting for connection while in state: CONNECTING
	at kafka.zookeeper.ZooKeeperClient.$anonfun$waitUntilConnected$3(ZooKeeperClient.scala:258)
	at scala.runtime.java8.JFunction0$mcV$sp.apply(JFunction0$mcV$sp.java:23)
	at kafka.utils.CoreUtils$.inLock(CoreUtils.scala:253)
	at kafka.zookeeper.ZooKeeperClient.waitUntilConnected(ZooKeeperClient.scala:254)
	at kafka.zookeeper.ZooKeeperClient.<init>(ZooKeeperClient.scala:112)
	at kafka.zk.KafkaZkClient$.apply(KafkaZkClient.scala:1826)
	at kafka.server.KafkaServer.createZkClient$1(KafkaServer.scala:364)
	at kafka.server.KafkaServer.initZkClient(KafkaServer.scala:387)
	at kafka.server.KafkaServer.startup(KafkaServer.scala:207)
	at kafka.server.KafkaServerStartable.startup(KafkaServerStartable.scala:38)
	at kafka.Kafka$.main(Kafka.scala:84)
	at kafka.Kafka.main(Kafka.scala)
[2019-11-13 15:23:51,910] INFO shutting down (kafka.server.KafkaServer)
[2019-11-13 15:23:51,932] INFO shut down completed (kafka.server.KafkaServer)
[2019-11-13 15:23:51,933] ERROR Exiting Kafka. (kafka.server.KafkaServerStartable)
[2019-11-13 15:23:51,943] INFO shutting down (kafka.server.KafkaServer)
[2019-11-13 15:24:29,398] INFO Registered kafka:type=kafka.Log4jController MBean (kafka.utils.Log4jControllerRegistration$)
[2019-11-13 15:24:29,828] INFO starting (kafka.server.KafkaServer)
[2019-11-13 15:24:29,829] INFO Connecting to zookeeper on localhost:2181 (kafka.server.KafkaServer)
[2019-11-13 15:24:29,850] INFO [ZooKeeperClient Kafka server] Initializing a new session to localhost:2181. (kafka.zookeeper.ZooKeeperClient)
[2019-11-13 15:24:34,407] INFO Client environment:zookeeper.version=3.4.14-4c25d480e66aadd371de8bd2fd8da255ac140bcf, built on 03/06/2019 16:18 GMT (org.apache.zookeeper.ZooKeeper)
[2019-11-13 15:24:34,407] INFO Client environment:host.name=XZ-TQCU8H0G835A (org.apache.zookeeper.ZooKeeper)
[2019-11-13 15:24:34,407] INFO Client environment:java.version=1.8.0_202 (org.apache.zookeeper.ZooKeeper)
[2019-11-13 15:24:34,408] INFO Client environment:java.vendor=Oracle Corporation (org.apache.zookeeper.ZooKeeper)
[2019-11-13 15:24:34,408] INFO Client environment:java.home=C:\Program Files\Java\jdk1.8.0_202\jre (org.apache.zookeeper.ZooKeeper)
[2019-11-13 15:24:34,408] INFO Client environment:java.class.path=.;C:\Program Files\Java\jdk1.8.0_202\lib\dt.jar;C:\Program Files\Java\jdk1.8.0_202\lib\tools.jar; ;E:\kafka_2.12-2.3.0\kafka_2.12-2.3.0\libs\activation-1.1.1.jar;E:\kafka_2.12-2.3.0\kafka_2.12-2.3.0\libs\aopalliance-repackaged-2.5.0.jar;E:\kafka_2.12-2.3.0\kafka_2.12-2.3.0\libs\argparse4j-0.7.0.jar;E:\kafka_2.12-2.3.0\kafka_2.12-2.3.0\libs\audience-annotations-0.5.0.jar;E:\kafka_2.12-2.3.0\kafka_2.12-2.3.0\libs\commons-lang3-3.8.1.jar;E:\kafka_2.12-2.3.0\kafka_2.12-2.3.0\libs\connect-api-2.3.0.jar;E:\kafka_2.12-2.3.0\kafka_2.12-2.3.0\libs\connect-basic-auth-extension-2.3.0.jar;E:\kafka_2.12-2.3.0\kafka_2.12-2.3.0\libs\connect-file-2.3.0.jar;E:\kafka_2.12-2.3.0\kafka_2.12-2.3.0\libs\connect-json-2.3.0.jar;E:\kafka_2.12-2.3.0\kafka_2.12-2.3.0\libs\connect-runtime-2.3.0.jar;E:\kafka_2.12-2.3.0\kafka_2.12-2.3.0\libs\connect-transforms-2.3.0.jar;E:\kafka_2.12-2.3.0\kafka_2.12-2.3.0\libs\guava-20.0.jar;E:\kafka_2.12-2.3.0\kafka_2.12-2.3.0\libs\hk2-api-2.5.0.jar;E:\kafka_2.12-2.3.0\kafka_2.12-2.3.0\libs\hk2-locator-2.5.0.jar;E:\kafka_2.12-2.3.0\kafka_2.12-2.3.0\libs\hk2-utils-2.5.0.jar;E:\kafka_2.12-2.3.0\kafka_2.12-2.3.0\libs\jackson-annotations-2.9.9.jar;E:\kafka_2.12-2.3.0\kafka_2.12-2.3.0\libs\jackson-core-2.9.9.jar;E:\kafka_2.12-2.3.0\kafka_2.12-2.3.0\libs\jackson-databind-2.9.9.jar;E:\kafka_2.12-2.3.0\kafka_2.12-2.3.0\libs\jackson-dataformat-csv-2.9.9.jar;E:\kafka_2.12-2.3.0\kafka_2.12-2.3.0\libs\jackson-datatype-jdk8-2.9.9.jar;E:\kafka_2.12-2.3.0\kafka_2.12-2.3.0\libs\jackson-jaxrs-base-2.9.9.jar;E:\kafka_2.12-2.3.0\kafka_2.12-2.3.0\libs\jackson-jaxrs-json-provider-2.9.9.jar;E:\kafka_2.12-2.3.0\kafka_2.12-2.3.0\libs\jackson-module-jaxb-annotations-2.9.9.jar;E:\kafka_2.12-2.3.0\kafka_2.12-2.3.0\libs\jackson-module-paranamer-2.9.9.jar;E:\kafka_2.12-2.3.0\kafka_2.12-2.3.0\libs\jackson-module-scala_2.12-2.9.9.jar;E:\kafka_2.12-2.3.0\kafka_2.12-2.3.0\libs\jakarta.annotation-api-1.3.4.jar;E:\kafka_2.12-2.3.0\kafka_2.12-2.3.0\libs\jakarta.inject-2.5.0.jar;E:\kafka_2.12-2.3.0\kafka_2.12-2.3.0\libs\jakarta.ws.rs-api-2.1.5.jar;E:\kafka_2.12-2.3.0\kafka_2.12-2.3.0\libs\javassist-3.22.0-CR2.jar;E:\kafka_2.12-2.3.0\kafka_2.12-2.3.0\libs\javax.servlet-api-3.1.0.jar;E:\kafka_2.12-2.3.0\kafka_2.12-2.3.0\libs\javax.ws.rs-api-2.1.1.jar;E:\kafka_2.12-2.3.0\kafka_2.12-2.3.0\libs\jaxb-api-2.3.0.jar;E:\kafka_2.12-2.3.0\kafka_2.12-2.3.0\libs\jersey-client-2.28.jar;E:\kafka_2.12-2.3.0\kafka_2.12-2.3.0\libs\jersey-common-2.28.jar;E:\kafka_2.12-2.3.0\kafka_2.12-2.3.0\libs\jersey-container-servlet-2.28.jar;E:\kafka_2.12-2.3.0\kafka_2.12-2.3.0\libs\jersey-container-servlet-core-2.28.jar;E:\kafka_2.12-2.3.0\kafka_2.12-2.3.0\libs\jersey-hk2-2.28.jar;E:\kafka_2.12-2.3.0\kafka_2.12-2.3.0\libs\jersey-media-jaxb-2.28.jar;E:\kafka_2.12-2.3.0\kafka_2.12-2.3.0\libs\jersey-server-2.28.jar;E:\kafka_2.12-2.3.0\kafka_2.12-2.3.0\libs\jetty-client-9.4.18.v20190429.jar;E:\kafka_2.12-2.3.0\kafka_2.12-2.3.0\libs\jetty-continuation-9.4.18.v20190429.jar;E:\kafka_2.12-2.3.0\kafka_2.12-2.3.0\libs\jetty-http-9.4.18.v20190429.jar;E:\kafka_2.12-2.3.0\kafka_2.12-2.3.0\libs\jetty-io-9.4.18.v20190429.jar;E:\kafka_2.12-2.3.0\kafka_2.12-2.3.0\libs\jetty-security-9.4.18.v20190429.jar;E:\kafka_2.12-2.3.0\kafka_2.12-2.3.0\libs\jetty-server-9.4.18.v20190429.jar;E:\kafka_2.12-2.3.0\kafka_2.12-2.3.0\libs\jetty-servlet-9.4.18.v20190429.jar;E:\kafka_2.12-2.3.0\kafka_2.12-2.3.0\libs\jetty-servlets-9.4.18.v20190429.jar;E:\kafka_2.12-2.3.0\kafka_2.12-2.3.0\libs\jetty-util-9.4.18.v20190429.jar;E:\kafka_2.12-2.3.0\kafka_2.12-2.3.0\libs\jopt-simple-5.0.4.jar;E:\kafka_2.12-2.3.0\kafka_2.12-2.3.0\libs\jsr305-3.0.2.jar;E:\kafka_2.12-2.3.0\kafka_2.12-2.3.0\libs\kafka-clients-2.3.0.jar;E:\kafka_2.12-2.3.0\kafka_2.12-2.3.0\libs\kafka-log4j-appender-2.3.0.jar;E:\kafka_2.12-2.3.0\kafka_2.12-2.3.0\libs\kafka-streams-2.3.0.jar;E:\kafka_2.12-2.3.0\kafka_2.12-2.3.0\libs\kafka-streams-examples-2.3.0.jar;E:\kafka_2.12-2.3.0\kafka_2.12-2.3.0\libs\kafka-streams-scala_2.12-2.3.0.jar;E:\kafka_2.12-2.3.0\kafka_2.12-2.3.0\libs\kafka-streams-test-utils-2.3.0.jar;E:\kafka_2.12-2.3.0\kafka_2.12-2.3.0\libs\kafka-tools-2.3.0.jar;E:\kafka_2.12-2.3.0\kafka_2.12-2.3.0\libs\kafka_2.12-2.3.0-javadoc.jar;E:\kafka_2.12-2.3.0\kafka_2.12-2.3.0\libs\kafka_2.12-2.3.0-javadoc.jar.asc;E:\kafka_2.12-2.3.0\kafka_2.12-2.3.0\libs\kafka_2.12-2.3.0-scaladoc.jar;E:\kafka_2.12-2.3.0\kafka_2.12-2.3.0\libs\kafka_2.12-2.3.0-scaladoc.jar.asc;E:\kafka_2.12-2.3.0\kafka_2.12-2.3.0\libs\kafka_2.12-2.3.0-sources.jar;E:\kafka_2.12-2.3.0\kafka_2.12-2.3.0\libs\kafka_2.12-2.3.0-sources.jar.asc;E:\kafka_2.12-2.3.0\kafka_2.12-2.3.0\libs\kafka_2.12-2.3.0-test-sources.jar;E:\kafka_2.12-2.3.0\kafka_2.12-2.3.0\libs\kafka_2.12-2.3.0-test-sources.jar.asc;E:\kafka_2.12-2.3.0\kafka_2.12-2.3.0\libs\kafka_2.12-2.3.0-test.jar;E:\kafka_2.12-2.3.0\kafka_2.12-2.3.0\libs\kafka_2.12-2.3.0-test.jar.asc;E:\kafka_2.12-2.3.0\kafka_2.12-2.3.0\libs\kafka_2.12-2.3.0.jar;E:\kafka_2.12-2.3.0\kafka_2.12-2.3.0\libs\kafka_2.12-2.3.0.jar.asc;E:\kafka_2.12-2.3.0\kafka_2.12-2.3.0\libs\log4j-1.2.17.jar;E:\kafka_2.12-2.3.0\kafka_2.12-2.3.0\libs\lz4-java-1.6.0.jar;E:\kafka_2.12-2.3.0\kafka_2.12-2.3.0\libs\maven-artifact-3.6.1.jar;E:\kafka_2.12-2.3.0\kafka_2.12-2.3.0\libs\metrics-core-2.2.0.jar;E:\kafka_2.12-2.3.0\kafka_2.12-2.3.0\libs\osgi-resource-locator-1.0.1.jar;E:\kafka_2.12-2.3.0\kafka_2.12-2.3.0\libs\paranamer-2.8.jar;E:\kafka_2.12-2.3.0\kafka_2.12-2.3.0\libs\plexus-utils-3.2.0.jar;E:\kafka_2.12-2.3.0\kafka_2.12-2.3.0\libs\reflections-0.9.11.jar;E:\kafka_2.12-2.3.0\kafka_2.12-2.3.0\libs\rocksdbjni-5.18.3.jar;E:\kafka_2.12-2.3.0\kafka_2.12-2.3.0\libs\scala-library-2.12.8.jar;E:\kafka_2.12-2.3.0\kafka_2.12-2.3.0\libs\scala-logging_2.12-3.9.0.jar;E:\kafka_2.12-2.3.0\kafka_2.12-2.3.0\libs\scala-reflect-2.12.8.jar;E:\kafka_2.12-2.3.0\kafka_2.12-2.3.0\libs\slf4j-api-1.7.26.jar;E:\kafka_2.12-2.3.0\kafka_2.12-2.3.0\libs\slf4j-log4j12-1.7.26.jar;E:\kafka_2.12-2.3.0\kafka_2.12-2.3.0\libs\snappy-java-1.1.7.3.jar;E:\kafka_2.12-2.3.0\kafka_2.12-2.3.0\libs\spotbugs-annotations-3.1.9.jar;E:\kafka_2.12-2.3.0\kafka_2.12-2.3.0\libs\validation-api-2.0.1.Final.jar;E:\kafka_2.12-2.3.0\kafka_2.12-2.3.0\libs\zkclient-0.11.jar;E:\kafka_2.12-2.3.0\kafka_2.12-2.3.0\libs\zookeeper-3.4.14.jar;E:\kafka_2.12-2.3.0\kafka_2.12-2.3.0\libs\zstd-jni-1.4.0-1.jar (org.apache.zookeeper.ZooKeeper)
[2019-11-13 15:24:34,409] INFO Client environment:java.library.path=C:\Program Files\Java\jdk1.8.0_202\bin;C:\Windows\Sun\Java\bin;C:\Windows\system32;C:\Windows;E:\Xshell6\;E:\Xftp\;C:\Program Files\python\Scripts\;C:\Program Files\python\;C:\Program Files (x86)\Common Files\Oracle\Java\javapath;C:\Program Files\Java\jdk1.8.0_202\bin;C:\Program Files\Java\jdk1.8.0_202\jre\bin;E:\Maven\apache-maven-3.6.1\bin;C:\Program Files\mysql-8.0.16-winx64\bin;C:\Windows\System32\cmd.exe;C:\Windows\system32;E:\Redis;E:\Git\Git\bin;E:\Tomcat\apache-tomcat-8.5.43\bin;E:\Zookeeper\zookeeper-3.4.14\zookeeper-3.4.14\bin;C:\Windows\System32\wbem;C:\Program Files\Intel\WiFi\bin\;C:\Program Files\Common Files\Intel\WirelessCommon\;C:\Users\Administrator\AppData\Local\Programs\Python\Python37-32\Scripts\;C:\Users\Administrator\AppData\Local\Programs\Python\Python37-32\;C:\Users\Administrator\AppData\Local\Microsoft\WindowsApps;;E:\Pycharm\PyCharm Community Edition 2019.2\bin;;E:\IntelliJ IDEA\IntelliJ IDEA 2019.1.3\bin;;E:\VScode\Microsoft VS Code\bin;. (org.apache.zookeeper.ZooKeeper)
[2019-11-13 15:24:34,409] INFO Client environment:java.io.tmpdir=C:\Users\ADMINI~1\AppData\Local\Temp\ (org.apache.zookeeper.ZooKeeper)
[2019-11-13 15:24:34,410] INFO Client environment:java.compiler=<NA> (org.apache.zookeeper.ZooKeeper)
[2019-11-13 15:24:34,410] INFO Client environment:os.name=Windows 10 (org.apache.zookeeper.ZooKeeper)
[2019-11-13 15:24:34,410] INFO Client environment:os.arch=amd64 (org.apache.zookeeper.ZooKeeper)
[2019-11-13 15:24:34,411] INFO Client environment:os.version=10.0 (org.apache.zookeeper.ZooKeeper)
[2019-11-13 15:24:34,411] INFO Client environment:user.name=Administrator (org.apache.zookeeper.ZooKeeper)
[2019-11-13 15:24:34,412] INFO Client environment:user.home=C:\Users\Administrator (org.apache.zookeeper.ZooKeeper)
[2019-11-13 15:24:34,412] INFO Client environment:user.dir=E:\kafka_2.12-2.3.0\kafka_2.12-2.3.0 (org.apache.zookeeper.ZooKeeper)
[2019-11-13 15:24:34,414] INFO Initiating client connection, connectString=localhost:2181 sessionTimeout=6000 watcher=kafka.zookeeper.ZooKeeperClient$ZooKeeperClientWatcher$@a9cd3b1 (org.apache.zookeeper.ZooKeeper)
[2019-11-13 15:24:34,430] INFO [ZooKeeperClient Kafka server] Waiting until connected. (kafka.zookeeper.ZooKeeperClient)
[2019-11-13 15:24:34,432] INFO Opening socket connection to server localhost/0:0:0:0:0:0:0:1:2181. Will not attempt to authenticate using SASL (unknown error) (org.apache.zookeeper.ClientCnxn)
[2019-11-13 15:24:35,436] INFO Socket error occurred: localhost/0:0:0:0:0:0:0:1:2181: Connection refused: no further information (org.apache.zookeeper.ClientCnxn)
[2019-11-13 15:24:36,538] INFO Opening socket connection to server localhost/0:0:0:0:0:0:0:1:2181. Will not attempt to authenticate using SASL (unknown error) (org.apache.zookeeper.ClientCnxn)
[2019-11-13 15:24:37,551] INFO Socket error occurred: localhost/0:0:0:0:0:0:0:1:2181: Connection refused: no further information (org.apache.zookeeper.ClientCnxn)
[2019-11-13 15:24:38,652] INFO Opening socket connection to server localhost/0:0:0:0:0:0:0:1:2181. Will not attempt to authenticate using SASL (unknown error) (org.apache.zookeeper.ClientCnxn)
[2019-11-13 15:24:39,655] INFO Socket error occurred: localhost/0:0:0:0:0:0:0:1:2181: Connection refused: no further information (org.apache.zookeeper.ClientCnxn)
[2019-11-13 15:24:40,433] INFO [ZooKeeperClient Kafka server] Closing. (kafka.zookeeper.ZooKeeperClient)
[2019-11-13 15:24:40,756] INFO Opening socket connection to server localhost/0:0:0:0:0:0:0:1:2181. Will not attempt to authenticate using SASL (unknown error) (org.apache.zookeeper.ClientCnxn)
[2019-11-13 15:24:41,858] INFO Session: 0x0 closed (org.apache.zookeeper.ZooKeeper)
[2019-11-13 15:24:41,858] INFO EventThread shut down for session: 0x0 (org.apache.zookeeper.ClientCnxn)
[2019-11-13 15:24:41,860] INFO [ZooKeeperClient Kafka server] Closed. (kafka.zookeeper.ZooKeeperClient)
[2019-11-13 15:24:41,863] ERROR Fatal error during KafkaServer startup. Prepare to shutdown (kafka.server.KafkaServer)
kafka.zookeeper.ZooKeeperClientTimeoutException: Timed out waiting for connection while in state: CONNECTING
	at kafka.zookeeper.ZooKeeperClient.$anonfun$waitUntilConnected$3(ZooKeeperClient.scala:258)
	at scala.runtime.java8.JFunction0$mcV$sp.apply(JFunction0$mcV$sp.java:23)
	at kafka.utils.CoreUtils$.inLock(CoreUtils.scala:253)
	at kafka.zookeeper.ZooKeeperClient.waitUntilConnected(ZooKeeperClient.scala:254)
	at kafka.zookeeper.ZooKeeperClient.<init>(ZooKeeperClient.scala:112)
	at kafka.zk.KafkaZkClient$.apply(KafkaZkClient.scala:1826)
	at kafka.server.KafkaServer.createZkClient$1(KafkaServer.scala:364)
	at kafka.server.KafkaServer.initZkClient(KafkaServer.scala:387)
	at kafka.server.KafkaServer.startup(KafkaServer.scala:207)
	at kafka.server.KafkaServerStartable.startup(KafkaServerStartable.scala:38)
	at kafka.Kafka$.main(Kafka.scala:84)
	at kafka.Kafka.main(Kafka.scala)
[2019-11-13 15:24:41,866] INFO shutting down (kafka.server.KafkaServer)
[2019-11-13 15:24:41,871] INFO shut down completed (kafka.server.KafkaServer)
[2019-11-13 15:24:41,872] ERROR Exiting Kafka. (kafka.server.KafkaServerStartable)
[2019-11-13 15:24:41,875] INFO shutting down (kafka.server.KafkaServer)
